[2021-01-22 10:52:59,304] {taskinstance.py:826} INFO - Dependencies all met for <TaskInstance: low_income_hospitals.Data_Quality_Check_for_Low_Income_table 2021-01-22T15:52:55.288543+00:00 [queued]>
[2021-01-22 10:52:59,309] {taskinstance.py:826} INFO - Dependencies all met for <TaskInstance: low_income_hospitals.Data_Quality_Check_for_Low_Income_table 2021-01-22T15:52:55.288543+00:00 [queued]>
[2021-01-22 10:52:59,310] {taskinstance.py:1017} INFO - 
--------------------------------------------------------------------------------
[2021-01-22 10:52:59,310] {taskinstance.py:1018} INFO - Starting attempt 1 of 1
[2021-01-22 10:52:59,310] {taskinstance.py:1019} INFO - 
--------------------------------------------------------------------------------
[2021-01-22 10:52:59,315] {taskinstance.py:1038} INFO - Executing <Task(DataQualityOperator): Data_Quality_Check_for_Low_Income_table> on 2021-01-22T15:52:55.288543+00:00
[2021-01-22 10:52:59,318] {standard_task_runner.py:51} INFO - Started process 48692 to run task
[2021-01-22 10:52:59,326] {standard_task_runner.py:75} INFO - Running: ['airflow', 'tasks', 'run', 'low_income_hospitals', 'Data_Quality_Check_for_Low_Income_table', '2021-01-22T15:52:55.288543+00:00', '--job-id', '80', '--pool', 'default_pool', '--raw', '--subdir', 'DAGS_FOLDER/low_income_hospitals.py', '--cfg-path', '/var/folders/yg/z5092h4j73z95n7zhxq2kwx1szwm14/T/tmpk263o32d']
[2021-01-22 10:52:59,327] {standard_task_runner.py:76} INFO - Job 80: Subtask Data_Quality_Check_for_Low_Income_table
[2021-01-22 10:52:59,360] {logging_mixin.py:103} INFO - Running <TaskInstance: low_income_hospitals.Data_Quality_Check_for_Low_Income_table 2021-01-22T15:52:55.288543+00:00 [running]> on host shs-l5320.ssp.pri
[2021-01-22 10:52:59,382] {taskinstance.py:1232} INFO - Exporting the following env vars:
AIRFLOW_CTX_DAG_EMAIL=zawnaingwynn@gmail.com
AIRFLOW_CTX_DAG_OWNER=Harry
AIRFLOW_CTX_DAG_ID=low_income_hospitals
AIRFLOW_CTX_TASK_ID=Data_Quality_Check_for_Low_Income_table
AIRFLOW_CTX_EXECUTION_DATE=2021-01-22T15:52:55.288543+00:00
AIRFLOW_CTX_DAG_RUN_ID=manual__2021-01-22T15:52:55.288543+00:00
[2021-01-22 10:52:59,388] {base.py:74} INFO - Using connection to: id: redshift. Host: zipcoderedshift.cvh0gkrokjip.us-west-2.redshift.amazonaws.com, Port: 5439, Schema: zipcode, Login: harry, Password: XXXXXXXX, extra: None
[2021-01-22 10:53:00,287] {data_quality.py:30} INFO - (22242,)
[2021-01-22 10:53:00,291] {taskinstance.py:1142} INFO - Marking task as SUCCESS. dag_id=low_income_hospitals, task_id=Data_Quality_Check_for_Low_Income_table, execution_date=20210122T155255, start_date=20210122T155259, end_date=20210122T155300
[2021-01-22 10:53:00,307] {taskinstance.py:1195} INFO - 1 downstream tasks scheduled from follow-on schedule check
[2021-01-22 10:53:00,357] {local_task_job.py:118} INFO - Task exited with return code 0
