[2021-01-22 11:01:05,142] {taskinstance.py:826} INFO - Dependencies all met for <TaskInstance: low_income_hospitals.Data_Quality_Check_for_Income_per_Zip_table 2021-01-22T15:59:43.091427+00:00 [queued]>
[2021-01-22 11:01:05,147] {taskinstance.py:826} INFO - Dependencies all met for <TaskInstance: low_income_hospitals.Data_Quality_Check_for_Income_per_Zip_table 2021-01-22T15:59:43.091427+00:00 [queued]>
[2021-01-22 11:01:05,147] {taskinstance.py:1017} INFO - 
--------------------------------------------------------------------------------
[2021-01-22 11:01:05,147] {taskinstance.py:1018} INFO - Starting attempt 1 of 1
[2021-01-22 11:01:05,148] {taskinstance.py:1019} INFO - 
--------------------------------------------------------------------------------
[2021-01-22 11:01:05,152] {taskinstance.py:1038} INFO - Executing <Task(DataQualityOperator): Data_Quality_Check_for_Income_per_Zip_table> on 2021-01-22T15:59:43.091427+00:00
[2021-01-22 11:01:05,154] {standard_task_runner.py:51} INFO - Started process 52575 to run task
[2021-01-22 11:01:05,161] {standard_task_runner.py:75} INFO - Running: ['airflow', 'tasks', 'run', 'low_income_hospitals', 'Data_Quality_Check_for_Income_per_Zip_table', '2021-01-22T15:59:43.091427+00:00', '--job-id', '98', '--pool', 'default_pool', '--raw', '--subdir', 'DAGS_FOLDER/low_income_hospitals.py', '--cfg-path', '/var/folders/yg/z5092h4j73z95n7zhxq2kwx1szwm14/T/tmpkb0jswki']
[2021-01-22 11:01:05,162] {standard_task_runner.py:76} INFO - Job 98: Subtask Data_Quality_Check_for_Income_per_Zip_table
[2021-01-22 11:01:05,190] {logging_mixin.py:103} INFO - Running <TaskInstance: low_income_hospitals.Data_Quality_Check_for_Income_per_Zip_table 2021-01-22T15:59:43.091427+00:00 [running]> on host shs-l5320.ssp.pri
[2021-01-22 11:01:05,212] {taskinstance.py:1232} INFO - Exporting the following env vars:
AIRFLOW_CTX_DAG_EMAIL=zawnaingwynn@gmail.com
AIRFLOW_CTX_DAG_OWNER=Harry
AIRFLOW_CTX_DAG_ID=low_income_hospitals
AIRFLOW_CTX_TASK_ID=Data_Quality_Check_for_Income_per_Zip_table
AIRFLOW_CTX_EXECUTION_DATE=2021-01-22T15:59:43.091427+00:00
AIRFLOW_CTX_DAG_RUN_ID=manual__2021-01-22T15:59:43.091427+00:00
[2021-01-22 11:01:05,217] {base.py:74} INFO - Using connection to: id: redshift. Host: zipcoderedshift.cvh0gkrokjip.us-west-2.redshift.amazonaws.com, Port: 5439, Schema: zipcode, Login: harry, Password: XXXXXXXX, extra: None
[2021-01-22 11:01:07,719] {data_quality.py:34} INFO - Data Quality Check Passed
[2021-01-22 11:01:07,725] {taskinstance.py:1142} INFO - Marking task as SUCCESS. dag_id=low_income_hospitals, task_id=Data_Quality_Check_for_Income_per_Zip_table, execution_date=20210122T155943, start_date=20210122T160105, end_date=20210122T160107
[2021-01-22 11:01:07,739] {taskinstance.py:1195} INFO - 1 downstream tasks scheduled from follow-on schedule check
[2021-01-22 11:01:07,782] {local_task_job.py:118} INFO - Task exited with return code 0
