[2021-01-19 22:01:02,218] {taskinstance.py:826} INFO - Dependencies all met for <TaskInstance: low_income_hospitals.Process_Hospital_Dataset 2021-01-20T03:00:41.085303+00:00 [queued]>
[2021-01-19 22:01:02,223] {taskinstance.py:826} INFO - Dependencies all met for <TaskInstance: low_income_hospitals.Process_Hospital_Dataset 2021-01-20T03:00:41.085303+00:00 [queued]>
[2021-01-19 22:01:02,223] {taskinstance.py:1017} INFO - 
--------------------------------------------------------------------------------
[2021-01-19 22:01:02,223] {taskinstance.py:1018} INFO - Starting attempt 1 of 1
[2021-01-19 22:01:02,223] {taskinstance.py:1019} INFO - 
--------------------------------------------------------------------------------
[2021-01-19 22:01:02,227] {taskinstance.py:1038} INFO - Executing <Task(PythonOperator): Process_Hospital_Dataset> on 2021-01-20T03:00:41.085303+00:00
[2021-01-19 22:01:02,230] {standard_task_runner.py:51} INFO - Started process 6036 to run task
[2021-01-19 22:01:02,236] {standard_task_runner.py:75} INFO - Running: ['airflow', 'tasks', 'run', 'low_income_hospitals', 'Process_Hospital_Dataset', '2021-01-20T03:00:41.085303+00:00', '--job-id', '14', '--pool', 'default_pool', '--raw', '--subdir', 'DAGS_FOLDER/low_income_hospitals.py', '--cfg-path', '/var/folders/yg/z5092h4j73z95n7zhxq2kwx1szwm14/T/tmpsb9imfo2']
[2021-01-19 22:01:02,237] {standard_task_runner.py:76} INFO - Job 14: Subtask Process_Hospital_Dataset
[2021-01-19 22:01:02,260] {logging_mixin.py:103} INFO - Running <TaskInstance: low_income_hospitals.Process_Hospital_Dataset 2021-01-20T03:00:41.085303+00:00 [running]> on host shs-l5332.ssp.pri
[2021-01-19 22:01:02,277] {taskinstance.py:1232} INFO - Exporting the following env vars:
AIRFLOW_CTX_DAG_EMAIL=zawnaingwynn@gmail.com
AIRFLOW_CTX_DAG_OWNER=Harry
AIRFLOW_CTX_DAG_ID=low_income_hospitals
AIRFLOW_CTX_TASK_ID=Process_Hospital_Dataset
AIRFLOW_CTX_EXECUTION_DATE=2021-01-20T03:00:41.085303+00:00
AIRFLOW_CTX_DAG_RUN_ID=manual__2021-01-20T03:00:41.085303+00:00
[2021-01-19 22:01:02,395] {python.py:118} INFO - Done. Returned value was: True
[2021-01-19 22:01:02,403] {taskinstance.py:1142} INFO - Marking task as SUCCESS. dag_id=low_income_hospitals, task_id=Process_Hospital_Dataset, execution_date=20210120T030041, start_date=20210120T030102, end_date=20210120T030102
[2021-01-19 22:01:02,414] {taskinstance.py:1195} INFO - 2 downstream tasks scheduled from follow-on schedule check
[2021-01-19 22:01:02,459] {local_task_job.py:118} INFO - Task exited with return code 0
