[2021-01-21 13:24:16,882] {taskinstance.py:826} INFO - Dependencies all met for <TaskInstance: low_income_hospitals.Process_Avg_Income_per_Zipcode_Dataset 2021-01-21T18:23:54.682140+00:00 [queued]>
[2021-01-21 13:24:16,887] {taskinstance.py:826} INFO - Dependencies all met for <TaskInstance: low_income_hospitals.Process_Avg_Income_per_Zipcode_Dataset 2021-01-21T18:23:54.682140+00:00 [queued]>
[2021-01-21 13:24:16,887] {taskinstance.py:1017} INFO - 
--------------------------------------------------------------------------------
[2021-01-21 13:24:16,887] {taskinstance.py:1018} INFO - Starting attempt 1 of 1
[2021-01-21 13:24:16,887] {taskinstance.py:1019} INFO - 
--------------------------------------------------------------------------------
[2021-01-21 13:24:16,892] {taskinstance.py:1038} INFO - Executing <Task(PythonOperator): Process_Avg_Income_per_Zipcode_Dataset> on 2021-01-21T18:23:54.682140+00:00
[2021-01-21 13:24:16,894] {standard_task_runner.py:51} INFO - Started process 22170 to run task
[2021-01-21 13:24:16,900] {standard_task_runner.py:75} INFO - Running: ['airflow', 'tasks', 'run', 'low_income_hospitals', 'Process_Avg_Income_per_Zipcode_Dataset', '2021-01-21T18:23:54.682140+00:00', '--job-id', '62', '--pool', 'default_pool', '--raw', '--subdir', 'DAGS_FOLDER/low_income_hospitals.py', '--cfg-path', '/var/folders/yg/z5092h4j73z95n7zhxq2kwx1szwm14/T/tmpljsp0hay']
[2021-01-21 13:24:16,902] {standard_task_runner.py:76} INFO - Job 62: Subtask Process_Avg_Income_per_Zipcode_Dataset
[2021-01-21 13:24:16,928] {logging_mixin.py:103} INFO - Running <TaskInstance: low_income_hospitals.Process_Avg_Income_per_Zipcode_Dataset 2021-01-21T18:23:54.682140+00:00 [running]> on host SHS-L5211.ssp.pri
[2021-01-21 13:24:16,948] {taskinstance.py:1232} INFO - Exporting the following env vars:
AIRFLOW_CTX_DAG_EMAIL=zawnaingwynn@gmail.com
AIRFLOW_CTX_DAG_OWNER=Harry
AIRFLOW_CTX_DAG_ID=low_income_hospitals
AIRFLOW_CTX_TASK_ID=Process_Avg_Income_per_Zipcode_Dataset
AIRFLOW_CTX_EXECUTION_DATE=2021-01-21T18:23:54.682140+00:00
AIRFLOW_CTX_DAG_RUN_ID=manual__2021-01-21T18:23:54.682140+00:00
[2021-01-21 13:24:17,065] {python.py:118} INFO - Done. Returned value was: True
[2021-01-21 13:24:17,073] {taskinstance.py:1142} INFO - Marking task as SUCCESS. dag_id=low_income_hospitals, task_id=Process_Avg_Income_per_Zipcode_Dataset, execution_date=20210121T182354, start_date=20210121T182416, end_date=20210121T182417
[2021-01-21 13:24:17,084] {taskinstance.py:1195} INFO - 1 downstream tasks scheduled from follow-on schedule check
[2021-01-21 13:24:17,122] {local_task_job.py:118} INFO - Task exited with return code 0
