[2021-01-21 13:24:40,096] {taskinstance.py:826} INFO - Dependencies all met for <TaskInstance: low_income_hospitals.Stage_Each_Zip_Avg_Income_to_s3 2021-01-21T18:23:54.682140+00:00 [queued]>
[2021-01-21 13:24:40,100] {taskinstance.py:826} INFO - Dependencies all met for <TaskInstance: low_income_hospitals.Stage_Each_Zip_Avg_Income_to_s3 2021-01-21T18:23:54.682140+00:00 [queued]>
[2021-01-21 13:24:40,100] {taskinstance.py:1017} INFO - 
--------------------------------------------------------------------------------
[2021-01-21 13:24:40,100] {taskinstance.py:1018} INFO - Starting attempt 1 of 1
[2021-01-21 13:24:40,100] {taskinstance.py:1019} INFO - 
--------------------------------------------------------------------------------
[2021-01-21 13:24:40,105] {taskinstance.py:1038} INFO - Executing <Task(PythonOperator): Stage_Each_Zip_Avg_Income_to_s3> on 2021-01-21T18:23:54.682140+00:00
[2021-01-21 13:24:40,107] {standard_task_runner.py:51} INFO - Started process 22301 to run task
[2021-01-21 13:24:40,113] {standard_task_runner.py:75} INFO - Running: ['airflow', 'tasks', 'run', 'low_income_hospitals', 'Stage_Each_Zip_Avg_Income_to_s3', '2021-01-21T18:23:54.682140+00:00', '--job-id', '66', '--pool', 'default_pool', '--raw', '--subdir', 'DAGS_FOLDER/low_income_hospitals.py', '--cfg-path', '/var/folders/yg/z5092h4j73z95n7zhxq2kwx1szwm14/T/tmplhw074b2']
[2021-01-21 13:24:40,115] {standard_task_runner.py:76} INFO - Job 66: Subtask Stage_Each_Zip_Avg_Income_to_s3
[2021-01-21 13:24:40,139] {logging_mixin.py:103} INFO - Running <TaskInstance: low_income_hospitals.Stage_Each_Zip_Avg_Income_to_s3 2021-01-21T18:23:54.682140+00:00 [running]> on host SHS-L5211.ssp.pri
[2021-01-21 13:24:40,157] {taskinstance.py:1232} INFO - Exporting the following env vars:
AIRFLOW_CTX_DAG_EMAIL=zawnaingwynn@gmail.com
AIRFLOW_CTX_DAG_OWNER=Harry
AIRFLOW_CTX_DAG_ID=low_income_hospitals
AIRFLOW_CTX_TASK_ID=Stage_Each_Zip_Avg_Income_to_s3
AIRFLOW_CTX_EXECUTION_DATE=2021-01-21T18:23:54.682140+00:00
AIRFLOW_CTX_DAG_RUN_ID=manual__2021-01-21T18:23:54.682140+00:00
[2021-01-21 13:24:40,158] {base_aws.py:362} INFO - Airflow Connection: aws_conn_id=aws_credentials
[2021-01-21 13:24:40,162] {base_aws.py:160} INFO - Credentials retrieved from login
[2021-01-21 13:24:40,162] {base_aws.py:81} INFO - Creating session with aws_access_key_id=AKIAWZAE47KQ6CE735YP region_name=None
[2021-01-21 13:24:40,171] {base_aws.py:151} INFO - role_arn is None
[2021-01-21 13:24:43,755] {python.py:118} INFO - Done. Returned value was: None
[2021-01-21 13:24:43,758] {taskinstance.py:1142} INFO - Marking task as SUCCESS. dag_id=low_income_hospitals, task_id=Stage_Each_Zip_Avg_Income_to_s3, execution_date=20210121T182354, start_date=20210121T182440, end_date=20210121T182443
[2021-01-21 13:24:43,769] {taskinstance.py:1195} INFO - 1 downstream tasks scheduled from follow-on schedule check
[2021-01-21 13:24:43,781] {local_task_job.py:118} INFO - Task exited with return code 0
