[2021-01-21 13:24:13,330] {taskinstance.py:826} INFO - Dependencies all met for <TaskInstance: low_income_hospitals.Process_Hospital_Dataset 2021-01-21T18:23:54.682140+00:00 [queued]>
[2021-01-21 13:24:13,335] {taskinstance.py:826} INFO - Dependencies all met for <TaskInstance: low_income_hospitals.Process_Hospital_Dataset 2021-01-21T18:23:54.682140+00:00 [queued]>
[2021-01-21 13:24:13,335] {taskinstance.py:1017} INFO - 
--------------------------------------------------------------------------------
[2021-01-21 13:24:13,335] {taskinstance.py:1018} INFO - Starting attempt 1 of 1
[2021-01-21 13:24:13,335] {taskinstance.py:1019} INFO - 
--------------------------------------------------------------------------------
[2021-01-21 13:24:13,339] {taskinstance.py:1038} INFO - Executing <Task(PythonOperator): Process_Hospital_Dataset> on 2021-01-21T18:23:54.682140+00:00
[2021-01-21 13:24:13,341] {standard_task_runner.py:51} INFO - Started process 22153 to run task
[2021-01-21 13:24:13,347] {standard_task_runner.py:75} INFO - Running: ['airflow', 'tasks', 'run', 'low_income_hospitals', 'Process_Hospital_Dataset', '2021-01-21T18:23:54.682140+00:00', '--job-id', '60', '--pool', 'default_pool', '--raw', '--subdir', 'DAGS_FOLDER/low_income_hospitals.py', '--cfg-path', '/var/folders/yg/z5092h4j73z95n7zhxq2kwx1szwm14/T/tmpuw8q8734']
[2021-01-21 13:24:13,349] {standard_task_runner.py:76} INFO - Job 60: Subtask Process_Hospital_Dataset
[2021-01-21 13:24:13,372] {logging_mixin.py:103} INFO - Running <TaskInstance: low_income_hospitals.Process_Hospital_Dataset 2021-01-21T18:23:54.682140+00:00 [running]> on host SHS-L5211.ssp.pri
[2021-01-21 13:24:13,388] {taskinstance.py:1232} INFO - Exporting the following env vars:
AIRFLOW_CTX_DAG_EMAIL=zawnaingwynn@gmail.com
AIRFLOW_CTX_DAG_OWNER=Harry
AIRFLOW_CTX_DAG_ID=low_income_hospitals
AIRFLOW_CTX_TASK_ID=Process_Hospital_Dataset
AIRFLOW_CTX_EXECUTION_DATE=2021-01-21T18:23:54.682140+00:00
AIRFLOW_CTX_DAG_RUN_ID=manual__2021-01-21T18:23:54.682140+00:00
[2021-01-21 13:24:13,438] {low_income_hospitals.py:77} INFO - Must specify a fill 'value' or 'method'.
[2021-01-21 13:24:13,439] {python.py:118} INFO - Done. Returned value was: False
[2021-01-21 13:24:13,447] {taskinstance.py:1142} INFO - Marking task as SUCCESS. dag_id=low_income_hospitals, task_id=Process_Hospital_Dataset, execution_date=20210121T182354, start_date=20210121T182413, end_date=20210121T182413
[2021-01-21 13:24:13,458] {taskinstance.py:1195} INFO - 2 downstream tasks scheduled from follow-on schedule check
[2021-01-21 13:24:13,484] {local_task_job.py:118} INFO - Task exited with return code 0
