[2021-01-22 11:00:57,906] {taskinstance.py:826} INFO - Dependencies all met for <TaskInstance: low_income_hospitals.Load_hopsital_ratings 2021-01-22T15:59:43.091427+00:00 [queued]>
[2021-01-22 11:00:57,912] {taskinstance.py:826} INFO - Dependencies all met for <TaskInstance: low_income_hospitals.Load_hopsital_ratings 2021-01-22T15:59:43.091427+00:00 [queued]>
[2021-01-22 11:00:57,912] {taskinstance.py:1017} INFO - 
--------------------------------------------------------------------------------
[2021-01-22 11:00:57,912] {taskinstance.py:1018} INFO - Starting attempt 1 of 1
[2021-01-22 11:00:57,912] {taskinstance.py:1019} INFO - 
--------------------------------------------------------------------------------
[2021-01-22 11:00:57,917] {taskinstance.py:1038} INFO - Executing <Task(S3ToRedshiftOperator): Load_hopsital_ratings> on 2021-01-22T15:59:43.091427+00:00
[2021-01-22 11:00:57,920] {standard_task_runner.py:51} INFO - Started process 52538 to run task
[2021-01-22 11:00:57,928] {standard_task_runner.py:75} INFO - Running: ['airflow', 'tasks', 'run', 'low_income_hospitals', 'Load_hopsital_ratings', '2021-01-22T15:59:43.091427+00:00', '--job-id', '96', '--pool', 'default_pool', '--raw', '--subdir', 'DAGS_FOLDER/low_income_hospitals.py', '--cfg-path', '/var/folders/yg/z5092h4j73z95n7zhxq2kwx1szwm14/T/tmpzj45zbdu']
[2021-01-22 11:00:57,929] {standard_task_runner.py:76} INFO - Job 96: Subtask Load_hopsital_ratings
[2021-01-22 11:00:57,957] {logging_mixin.py:103} INFO - Running <TaskInstance: low_income_hospitals.Load_hopsital_ratings 2021-01-22T15:59:43.091427+00:00 [running]> on host shs-l5320.ssp.pri
[2021-01-22 11:00:57,979] {taskinstance.py:1232} INFO - Exporting the following env vars:
AIRFLOW_CTX_DAG_EMAIL=zawnaingwynn@gmail.com
AIRFLOW_CTX_DAG_OWNER=Harry
AIRFLOW_CTX_DAG_ID=low_income_hospitals
AIRFLOW_CTX_TASK_ID=Load_hopsital_ratings
AIRFLOW_CTX_EXECUTION_DATE=2021-01-22T15:59:43.091427+00:00
AIRFLOW_CTX_DAG_RUN_ID=manual__2021-01-22T15:59:43.091427+00:00
[2021-01-22 11:00:57,980] {base_aws.py:362} INFO - Airflow Connection: aws_conn_id=aws_credentials
[2021-01-22 11:00:57,985] {base_aws.py:160} INFO - Credentials retrieved from login
[2021-01-22 11:00:57,985] {base_aws.py:81} INFO - Creating session with aws_access_key_id=AKIAWZAE47KQ6CE735YP region_name=None
[2021-01-22 11:00:57,995] {base_aws.py:151} INFO - role_arn is None
[2021-01-22 11:00:57,995] {s3_to_redshift.py:120} INFO - Executing COPY command...
[2021-01-22 11:00:57,998] {base.py:74} INFO - Using connection to: id: redshift. Host: zipcoderedshift.cvh0gkrokjip.us-west-2.redshift.amazonaws.com, Port: 5439, Schema: zipcode, Login: harry, Password: XXXXXXXX, extra: None
[2021-01-22 11:00:58,648] {dbapi.py:180} INFO - Running statement: 
            BEGIN;
            TRUNCATE TABLE PUBLIC.hospital_ratings;
            
            COPY PUBLIC.hospital_ratings
            FROM 's3://lowincome-hospitals-data/hospital_ratings.csv'
            with credentials
            'aws_access_key_id=AKIAWZAE47KQ6CE735YP;aws_secret_access_key=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'
            CSV delimiter '|' IGNOREHEADER 1;
        
            COMMIT
            , parameters: None
[2021-01-22 11:00:59,608] {dbapi.py:186} INFO - Rows affected: -1
[2021-01-22 11:00:59,609] {s3_to_redshift.py:122} INFO - COPY command complete...
[2021-01-22 11:00:59,614] {taskinstance.py:1142} INFO - Marking task as SUCCESS. dag_id=low_income_hospitals, task_id=Load_hopsital_ratings, execution_date=20210122T155943, start_date=20210122T160057, end_date=20210122T160059
[2021-01-22 11:00:59,629] {taskinstance.py:1195} INFO - 0 downstream tasks scheduled from follow-on schedule check
[2021-01-22 11:00:59,660] {local_task_job.py:118} INFO - Task exited with return code 0
