[2021-01-19 22:00:44,826] {taskinstance.py:826} INFO - Dependencies all met for <TaskInstance: low_income_hospitals.Download_Hospital_Dataset 2021-01-20T03:00:41.085303+00:00 [queued]>
[2021-01-19 22:00:44,832] {taskinstance.py:826} INFO - Dependencies all met for <TaskInstance: low_income_hospitals.Download_Hospital_Dataset 2021-01-20T03:00:41.085303+00:00 [queued]>
[2021-01-19 22:00:44,833] {taskinstance.py:1017} INFO - 
--------------------------------------------------------------------------------
[2021-01-19 22:00:44,833] {taskinstance.py:1018} INFO - Starting attempt 1 of 1
[2021-01-19 22:00:44,833] {taskinstance.py:1019} INFO - 
--------------------------------------------------------------------------------
[2021-01-19 22:00:44,838] {taskinstance.py:1038} INFO - Executing <Task(DownloadFromKaggleOperator): Download_Hospital_Dataset> on 2021-01-20T03:00:41.085303+00:00
[2021-01-19 22:00:44,840] {standard_task_runner.py:51} INFO - Started process 5917 to run task
[2021-01-19 22:00:44,848] {standard_task_runner.py:75} INFO - Running: ['airflow', 'tasks', 'run', 'low_income_hospitals', 'Download_Hospital_Dataset', '2021-01-20T03:00:41.085303+00:00', '--job-id', '11', '--pool', 'default_pool', '--raw', '--subdir', 'DAGS_FOLDER/low_income_hospitals.py', '--cfg-path', '/var/folders/yg/z5092h4j73z95n7zhxq2kwx1szwm14/T/tmphj2k1uun']
[2021-01-19 22:00:44,849] {standard_task_runner.py:76} INFO - Job 11: Subtask Download_Hospital_Dataset
[2021-01-19 22:00:44,878] {logging_mixin.py:103} INFO - Running <TaskInstance: low_income_hospitals.Download_Hospital_Dataset 2021-01-20T03:00:41.085303+00:00 [running]> on host shs-l5332.ssp.pri
[2021-01-19 22:00:44,896] {taskinstance.py:1232} INFO - Exporting the following env vars:
AIRFLOW_CTX_DAG_EMAIL=zawnaingwynn@gmail.com
AIRFLOW_CTX_DAG_OWNER=Harry
AIRFLOW_CTX_DAG_ID=low_income_hospitals
AIRFLOW_CTX_TASK_ID=Download_Hospital_Dataset
AIRFLOW_CTX_EXECUTION_DATE=2021-01-20T03:00:41.085303+00:00
AIRFLOW_CTX_DAG_RUN_ID=manual__2021-01-20T03:00:41.085303+00:00
[2021-01-19 22:00:50,404] {taskinstance.py:1142} INFO - Marking task as SUCCESS. dag_id=low_income_hospitals, task_id=Download_Hospital_Dataset, execution_date=20210120T030041, start_date=20210120T030044, end_date=20210120T030050
[2021-01-19 22:00:50,415] {taskinstance.py:1195} INFO - 1 downstream tasks scheduled from follow-on schedule check
[2021-01-19 22:00:50,430] {local_task_job.py:118} INFO - Task exited with return code 0
