[2021-01-19 22:00:52,033] {taskinstance.py:826} INFO - Dependencies all met for <TaskInstance: low_income_hospitals.Download_Low_Income_Zipcode_Dataset 2021-01-20T03:00:41.085303+00:00 [queued]>
[2021-01-19 22:00:52,037] {taskinstance.py:826} INFO - Dependencies all met for <TaskInstance: low_income_hospitals.Download_Low_Income_Zipcode_Dataset 2021-01-20T03:00:41.085303+00:00 [queued]>
[2021-01-19 22:00:52,037] {taskinstance.py:1017} INFO - 
--------------------------------------------------------------------------------
[2021-01-19 22:00:52,038] {taskinstance.py:1018} INFO - Starting attempt 1 of 1
[2021-01-19 22:00:52,038] {taskinstance.py:1019} INFO - 
--------------------------------------------------------------------------------
[2021-01-19 22:00:52,042] {taskinstance.py:1038} INFO - Executing <Task(DownloadFromKaggleOperator): Download_Low_Income_Zipcode_Dataset> on 2021-01-20T03:00:41.085303+00:00
[2021-01-19 22:00:52,044] {standard_task_runner.py:51} INFO - Started process 5944 to run task
[2021-01-19 22:00:52,050] {standard_task_runner.py:75} INFO - Running: ['airflow', 'tasks', 'run', 'low_income_hospitals', 'Download_Low_Income_Zipcode_Dataset', '2021-01-20T03:00:41.085303+00:00', '--job-id', '12', '--pool', 'default_pool', '--raw', '--subdir', 'DAGS_FOLDER/low_income_hospitals.py', '--cfg-path', '/var/folders/yg/z5092h4j73z95n7zhxq2kwx1szwm14/T/tmpvr4lwumn']
[2021-01-19 22:00:52,052] {standard_task_runner.py:76} INFO - Job 12: Subtask Download_Low_Income_Zipcode_Dataset
[2021-01-19 22:00:52,075] {logging_mixin.py:103} INFO - Running <TaskInstance: low_income_hospitals.Download_Low_Income_Zipcode_Dataset 2021-01-20T03:00:41.085303+00:00 [running]> on host shs-l5332.ssp.pri
[2021-01-19 22:00:52,092] {taskinstance.py:1232} INFO - Exporting the following env vars:
AIRFLOW_CTX_DAG_EMAIL=zawnaingwynn@gmail.com
AIRFLOW_CTX_DAG_OWNER=Harry
AIRFLOW_CTX_DAG_ID=low_income_hospitals
AIRFLOW_CTX_TASK_ID=Download_Low_Income_Zipcode_Dataset
AIRFLOW_CTX_EXECUTION_DATE=2021-01-20T03:00:41.085303+00:00
AIRFLOW_CTX_DAG_RUN_ID=manual__2021-01-20T03:00:41.085303+00:00
[2021-01-19 22:00:54,666] {taskinstance.py:1142} INFO - Marking task as SUCCESS. dag_id=low_income_hospitals, task_id=Download_Low_Income_Zipcode_Dataset, execution_date=20210120T030041, start_date=20210120T030052, end_date=20210120T030054
[2021-01-19 22:00:54,678] {taskinstance.py:1195} INFO - 1 downstream tasks scheduled from follow-on schedule check
[2021-01-19 22:00:54,698] {local_task_job.py:118} INFO - Task exited with return code 0
