[2021-01-22 11:00:51,029] {taskinstance.py:826} INFO - Dependencies all met for <TaskInstance: low_income_hospitals.Load_income_for_each_zip 2021-01-22T15:59:43.091427+00:00 [queued]>
[2021-01-22 11:00:51,036] {taskinstance.py:826} INFO - Dependencies all met for <TaskInstance: low_income_hospitals.Load_income_for_each_zip 2021-01-22T15:59:43.091427+00:00 [queued]>
[2021-01-22 11:00:51,037] {taskinstance.py:1017} INFO - 
--------------------------------------------------------------------------------
[2021-01-22 11:00:51,037] {taskinstance.py:1018} INFO - Starting attempt 1 of 1
[2021-01-22 11:00:51,037] {taskinstance.py:1019} INFO - 
--------------------------------------------------------------------------------
[2021-01-22 11:00:51,043] {taskinstance.py:1038} INFO - Executing <Task(S3ToRedshiftOperator): Load_income_for_each_zip> on 2021-01-22T15:59:43.091427+00:00
[2021-01-22 11:00:51,046] {standard_task_runner.py:51} INFO - Started process 52520 to run task
[2021-01-22 11:00:51,055] {standard_task_runner.py:75} INFO - Running: ['airflow', 'tasks', 'run', 'low_income_hospitals', 'Load_income_for_each_zip', '2021-01-22T15:59:43.091427+00:00', '--job-id', '94', '--pool', 'default_pool', '--raw', '--subdir', 'DAGS_FOLDER/low_income_hospitals.py', '--cfg-path', '/var/folders/yg/z5092h4j73z95n7zhxq2kwx1szwm14/T/tmpvpgs3_78']
[2021-01-22 11:00:51,056] {standard_task_runner.py:76} INFO - Job 94: Subtask Load_income_for_each_zip
[2021-01-22 11:00:51,092] {logging_mixin.py:103} INFO - Running <TaskInstance: low_income_hospitals.Load_income_for_each_zip 2021-01-22T15:59:43.091427+00:00 [running]> on host shs-l5320.ssp.pri
[2021-01-22 11:00:51,118] {taskinstance.py:1232} INFO - Exporting the following env vars:
AIRFLOW_CTX_DAG_EMAIL=zawnaingwynn@gmail.com
AIRFLOW_CTX_DAG_OWNER=Harry
AIRFLOW_CTX_DAG_ID=low_income_hospitals
AIRFLOW_CTX_TASK_ID=Load_income_for_each_zip
AIRFLOW_CTX_EXECUTION_DATE=2021-01-22T15:59:43.091427+00:00
AIRFLOW_CTX_DAG_RUN_ID=manual__2021-01-22T15:59:43.091427+00:00
[2021-01-22 11:00:51,119] {base_aws.py:362} INFO - Airflow Connection: aws_conn_id=aws_credentials
[2021-01-22 11:00:51,124] {base_aws.py:160} INFO - Credentials retrieved from login
[2021-01-22 11:00:51,124] {base_aws.py:81} INFO - Creating session with aws_access_key_id=AKIAWZAE47KQ6CE735YP region_name=None
[2021-01-22 11:00:51,136] {base_aws.py:151} INFO - role_arn is None
[2021-01-22 11:00:51,137] {s3_to_redshift.py:120} INFO - Executing COPY command...
[2021-01-22 11:00:51,140] {base.py:74} INFO - Using connection to: id: redshift. Host: zipcoderedshift.cvh0gkrokjip.us-west-2.redshift.amazonaws.com, Port: 5439, Schema: zipcode, Login: harry, Password: XXXXXXXX, extra: None
[2021-01-22 11:00:51,765] {dbapi.py:180} INFO - Running statement: 
            BEGIN;
            TRUNCATE TABLE PUBLIC.income_per_zip;
            
            COPY PUBLIC.income_per_zip
            FROM 's3://lowincome-hospitals-data/avg_income_per_zipcode.csv'
            with credentials
            'aws_access_key_id=AKIAWZAE47KQ6CE735YP;aws_secret_access_key=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'
            CSV delimiter '|' IGNOREHEADER 1;
        
            COMMIT
            , parameters: None
[2021-01-22 11:00:52,670] {dbapi.py:186} INFO - Rows affected: -1
[2021-01-22 11:00:52,671] {s3_to_redshift.py:122} INFO - COPY command complete...
[2021-01-22 11:00:52,676] {taskinstance.py:1142} INFO - Marking task as SUCCESS. dag_id=low_income_hospitals, task_id=Load_income_for_each_zip, execution_date=20210122T155943, start_date=20210122T160051, end_date=20210122T160052
[2021-01-22 11:00:52,691] {taskinstance.py:1195} INFO - 1 downstream tasks scheduled from follow-on schedule check
[2021-01-22 11:00:52,718] {local_task_job.py:118} INFO - Task exited with return code 0
