[2021-01-19 22:01:03,954] {taskinstance.py:826} INFO - Dependencies all met for <TaskInstance: low_income_hospitals.Process_Low_Income_Zipcode_Dataset 2021-01-20T03:00:41.085303+00:00 [queued]>
[2021-01-19 22:01:03,958] {taskinstance.py:826} INFO - Dependencies all met for <TaskInstance: low_income_hospitals.Process_Low_Income_Zipcode_Dataset 2021-01-20T03:00:41.085303+00:00 [queued]>
[2021-01-19 22:01:03,958] {taskinstance.py:1017} INFO - 
--------------------------------------------------------------------------------
[2021-01-19 22:01:03,958] {taskinstance.py:1018} INFO - Starting attempt 1 of 1
[2021-01-19 22:01:03,958] {taskinstance.py:1019} INFO - 
--------------------------------------------------------------------------------
[2021-01-19 22:01:03,963] {taskinstance.py:1038} INFO - Executing <Task(PythonOperator): Process_Low_Income_Zipcode_Dataset> on 2021-01-20T03:00:41.085303+00:00
[2021-01-19 22:01:03,967] {standard_task_runner.py:51} INFO - Started process 6042 to run task
[2021-01-19 22:01:03,974] {standard_task_runner.py:75} INFO - Running: ['airflow', 'tasks', 'run', 'low_income_hospitals', 'Process_Low_Income_Zipcode_Dataset', '2021-01-20T03:00:41.085303+00:00', '--job-id', '15', '--pool', 'default_pool', '--raw', '--subdir', 'DAGS_FOLDER/low_income_hospitals.py', '--cfg-path', '/var/folders/yg/z5092h4j73z95n7zhxq2kwx1szwm14/T/tmpjffxk2ye']
[2021-01-19 22:01:03,975] {standard_task_runner.py:76} INFO - Job 15: Subtask Process_Low_Income_Zipcode_Dataset
[2021-01-19 22:01:03,999] {logging_mixin.py:103} INFO - Running <TaskInstance: low_income_hospitals.Process_Low_Income_Zipcode_Dataset 2021-01-20T03:00:41.085303+00:00 [running]> on host shs-l5332.ssp.pri
[2021-01-19 22:01:04,017] {taskinstance.py:1232} INFO - Exporting the following env vars:
AIRFLOW_CTX_DAG_EMAIL=zawnaingwynn@gmail.com
AIRFLOW_CTX_DAG_OWNER=Harry
AIRFLOW_CTX_DAG_ID=low_income_hospitals
AIRFLOW_CTX_TASK_ID=Process_Low_Income_Zipcode_Dataset
AIRFLOW_CTX_EXECUTION_DATE=2021-01-20T03:00:41.085303+00:00
AIRFLOW_CTX_DAG_RUN_ID=manual__2021-01-20T03:00:41.085303+00:00
[2021-01-19 22:01:04,104] {python.py:118} INFO - Done. Returned value was: True
[2021-01-19 22:01:04,113] {taskinstance.py:1142} INFO - Marking task as SUCCESS. dag_id=low_income_hospitals, task_id=Process_Low_Income_Zipcode_Dataset, execution_date=20210120T030041, start_date=20210120T030103, end_date=20210120T030104
[2021-01-19 22:01:04,126] {taskinstance.py:1195} INFO - 1 downstream tasks scheduled from follow-on schedule check
[2021-01-19 22:01:04,148] {local_task_job.py:118} INFO - Task exited with return code 0
