[2021-01-19 22:00:56,281] {taskinstance.py:826} INFO - Dependencies all met for <TaskInstance: low_income_hospitals.Download_Average_Income_per_Zipcode_Dataset 2021-01-20T03:00:41.085303+00:00 [queued]>
[2021-01-19 22:00:56,285] {taskinstance.py:826} INFO - Dependencies all met for <TaskInstance: low_income_hospitals.Download_Average_Income_per_Zipcode_Dataset 2021-01-20T03:00:41.085303+00:00 [queued]>
[2021-01-19 22:00:56,286] {taskinstance.py:1017} INFO - 
--------------------------------------------------------------------------------
[2021-01-19 22:00:56,286] {taskinstance.py:1018} INFO - Starting attempt 1 of 1
[2021-01-19 22:00:56,286] {taskinstance.py:1019} INFO - 
--------------------------------------------------------------------------------
[2021-01-19 22:00:56,290] {taskinstance.py:1038} INFO - Executing <Task(DownloadFromKaggleOperator): Download_Average_Income_per_Zipcode_Dataset> on 2021-01-20T03:00:41.085303+00:00
[2021-01-19 22:00:56,293] {standard_task_runner.py:51} INFO - Started process 5956 to run task
[2021-01-19 22:00:56,299] {standard_task_runner.py:75} INFO - Running: ['airflow', 'tasks', 'run', 'low_income_hospitals', 'Download_Average_Income_per_Zipcode_Dataset', '2021-01-20T03:00:41.085303+00:00', '--job-id', '13', '--pool', 'default_pool', '--raw', '--subdir', 'DAGS_FOLDER/low_income_hospitals.py', '--cfg-path', '/var/folders/yg/z5092h4j73z95n7zhxq2kwx1szwm14/T/tmp480vpew5']
[2021-01-19 22:00:56,300] {standard_task_runner.py:76} INFO - Job 13: Subtask Download_Average_Income_per_Zipcode_Dataset
[2021-01-19 22:00:56,325] {logging_mixin.py:103} INFO - Running <TaskInstance: low_income_hospitals.Download_Average_Income_per_Zipcode_Dataset 2021-01-20T03:00:41.085303+00:00 [running]> on host shs-l5332.ssp.pri
[2021-01-19 22:00:56,342] {taskinstance.py:1232} INFO - Exporting the following env vars:
AIRFLOW_CTX_DAG_EMAIL=zawnaingwynn@gmail.com
AIRFLOW_CTX_DAG_OWNER=Harry
AIRFLOW_CTX_DAG_ID=low_income_hospitals
AIRFLOW_CTX_TASK_ID=Download_Average_Income_per_Zipcode_Dataset
AIRFLOW_CTX_EXECUTION_DATE=2021-01-20T03:00:41.085303+00:00
AIRFLOW_CTX_DAG_RUN_ID=manual__2021-01-20T03:00:41.085303+00:00
[2021-01-19 22:01:00,364] {taskinstance.py:1142} INFO - Marking task as SUCCESS. dag_id=low_income_hospitals, task_id=Download_Average_Income_per_Zipcode_Dataset, execution_date=20210120T030041, start_date=20210120T030056, end_date=20210120T030100
[2021-01-19 22:01:00,377] {taskinstance.py:1195} INFO - 1 downstream tasks scheduled from follow-on schedule check
[2021-01-19 22:01:00,383] {local_task_job.py:118} INFO - Task exited with return code 0
