[2021-01-19 00:19:29,006] {taskinstance.py:826} INFO - Dependencies all met for <TaskInstance: low_income_hospitals.Create_Tables_in_Redshift 2021-01-19T05:19:25.810971+00:00 [queued]>
[2021-01-19 00:19:29,010] {taskinstance.py:826} INFO - Dependencies all met for <TaskInstance: low_income_hospitals.Create_Tables_in_Redshift 2021-01-19T05:19:25.810971+00:00 [queued]>
[2021-01-19 00:19:29,010] {taskinstance.py:1017} INFO - 
--------------------------------------------------------------------------------
[2021-01-19 00:19:29,010] {taskinstance.py:1018} INFO - Starting attempt 1 of 1
[2021-01-19 00:19:29,010] {taskinstance.py:1019} INFO - 
--------------------------------------------------------------------------------
[2021-01-19 00:19:29,015] {taskinstance.py:1038} INFO - Executing <Task(PostgresOperator): Create_Tables_in_Redshift> on 2021-01-19T05:19:25.810971+00:00
[2021-01-19 00:19:29,017] {standard_task_runner.py:51} INFO - Started process 35310 to run task
[2021-01-19 00:19:29,023] {standard_task_runner.py:75} INFO - Running: ['airflow', 'tasks', 'run', 'low_income_hospitals', 'Create_Tables_in_Redshift', '2021-01-19T05:19:25.810971+00:00', '--job-id', '13', '--pool', 'default_pool', '--raw', '--subdir', 'DAGS_FOLDER/low_income_hospitals.py', '--cfg-path', '/var/folders/yg/z5092h4j73z95n7zhxq2kwx1szwm14/T/tmpkg4_klf_']
[2021-01-19 00:19:29,024] {standard_task_runner.py:76} INFO - Job 13: Subtask Create_Tables_in_Redshift
[2021-01-19 00:19:29,047] {logging_mixin.py:103} INFO - Running <TaskInstance: low_income_hospitals.Create_Tables_in_Redshift 2021-01-19T05:19:25.810971+00:00 [running]> on host SHS-L5244.ssp.pri
[2021-01-19 00:19:29,063] {taskinstance.py:1232} INFO - Exporting the following env vars:
AIRFLOW_CTX_DAG_EMAIL=zawnaingwynn@gmail.com
AIRFLOW_CTX_DAG_OWNER=Harry
AIRFLOW_CTX_DAG_ID=low_income_hospitals
AIRFLOW_CTX_TASK_ID=Create_Tables_in_Redshift
AIRFLOW_CTX_EXECUTION_DATE=2021-01-19T05:19:25.810971+00:00
AIRFLOW_CTX_DAG_RUN_ID=manual__2021-01-19T05:19:25.810971+00:00
[2021-01-19 00:19:29,064] {postgres.py:69} INFO - Executing: CREATE TABLE IF NOT EXISTS public.hospital_locations(
provider_id varchar(32) PRIMARY KEY,
hospital_name varchar (256) NOT NULL,
address varchar(256) NOT NULL,
city varchar(64) NOT NULL,
state varchar(32) NOT NULL,
zip_code varchar(32) NOT NULL,
county_name varchar(32),
phone_number numeric,
hospital_type varchar(128),
hospital_ownership varchar(256),
emergency_services boolean,
meets_criteria_for_meaningful_use_of_EHRs boolean
);


CREATE TABLE IF NOT EXISTS public.hospital_ratings(
provider_id varchar(32) PRIMARY KEY,
hospital_overall_rating varchar(32),
hospital_overall_rating_footnote varchar(256),
mortality_national_comparison varchar(256),
mortality_national_comparison_footnote varchar(256),
safety_of_care_national_comparison varchar(256),
safety_of_care_national_comparison_footnote varchar(256),
readmission_national_comparison varchar(256),
readmission_national_comparison_footnote varchar(256),
patient_experience_national_comparison varchar(256),
patient_experience_national_comparison_footnote varchar(256),
effectiveness_of_care_national_comparison varchar(256),
effectiveness_of_care_national_comparison_footnote varchar(256),
timeliness_of_care_national_comparison varchar(256),
timeliness_of_care_national_comparison_footnote varchar(256),
efficient_use_of_medical_imaging_national_comparison varchar(256),
efficient_use_of_medical_imaging_national_comparison_footnote varchar(256)
);


CREATE TABLE IF NOT EXISTS public.low_income_area(
zip_code varchar(32) PRIMARY KEY,
city varchar(32) Not Null,
state varchar(32) NOT NULL,
county varchar(32) NOT NULL,
zip_code_designation varchar(32) NOT NULL
);

CREATE TABLE IF NOT EXISTS public.income_per_zip(
zip_code varchar(32) PRIMARY KEY,
total_population numeric NOT NULL,
total_income numeric NOT NULL,
avg_income numeric NOT NULL
);
[2021-01-19 00:19:29,068] {base.py:74} INFO - Using connection to: id: redshift. Host: zipcoderedshift.cvh0gkrokjip.us-west-2.redshift.amazonaws.com, Port: 5439, Schema: zipcode, Login: harry, Password: XXXXXXXX, extra: None
[2021-01-19 00:19:29,747] {dbapi.py:180} INFO - Running statement: CREATE TABLE IF NOT EXISTS public.hospital_locations(
provider_id varchar(32) PRIMARY KEY,
hospital_name varchar (256) NOT NULL,
address varchar(256) NOT NULL,
city varchar(64) NOT NULL,
state varchar(32) NOT NULL,
zip_code varchar(32) NOT NULL,
county_name varchar(32),
phone_number numeric,
hospital_type varchar(128),
hospital_ownership varchar(256),
emergency_services boolean,
meets_criteria_for_meaningful_use_of_EHRs boolean
);


CREATE TABLE IF NOT EXISTS public.hospital_ratings(
provider_id varchar(32) PRIMARY KEY,
hospital_overall_rating varchar(32),
hospital_overall_rating_footnote varchar(256),
mortality_national_comparison varchar(256),
mortality_national_comparison_footnote varchar(256),
safety_of_care_national_comparison varchar(256),
safety_of_care_national_comparison_footnote varchar(256),
readmission_national_comparison varchar(256),
readmission_national_comparison_footnote varchar(256),
patient_experience_national_comparison varchar(256),
patient_experience_national_comparison_footnote varchar(256),
effectiveness_of_care_national_comparison varchar(256),
effectiveness_of_care_national_comparison_footnote varchar(256),
timeliness_of_care_national_comparison varchar(256),
timeliness_of_care_national_comparison_footnote varchar(256),
efficient_use_of_medical_imaging_national_comparison varchar(256),
efficient_use_of_medical_imaging_national_comparison_footnote varchar(256)
);


CREATE TABLE IF NOT EXISTS public.low_income_area(
zip_code varchar(32) PRIMARY KEY,
city varchar(32) Not Null,
state varchar(32) NOT NULL,
county varchar(32) NOT NULL,
zip_code_designation varchar(32) NOT NULL
);

CREATE TABLE IF NOT EXISTS public.income_per_zip(
zip_code varchar(32) PRIMARY KEY,
total_population numeric NOT NULL,
total_income numeric NOT NULL,
avg_income numeric NOT NULL
);, parameters: None
[2021-01-19 00:19:29,932] {dbapi.py:186} INFO - Rows affected: -1
[2021-01-19 00:19:30,100] {postgres.py:73} INFO - INFO:  Relation "hospital_locations" already exists and will be skipped

[2021-01-19 00:19:30,101] {postgres.py:73} INFO - INFO:  Relation "hospital_ratings" already exists and will be skipped

[2021-01-19 00:19:30,101] {postgres.py:73} INFO - INFO:  Relation "low_income_area" already exists and will be skipped

[2021-01-19 00:19:30,101] {postgres.py:73} INFO - INFO:  Relation "income_per_zip" already exists and will be skipped

[2021-01-19 00:19:30,105] {taskinstance.py:1142} INFO - Marking task as SUCCESS. dag_id=low_income_hospitals, task_id=Create_Tables_in_Redshift, execution_date=20210119T051925, start_date=20210119T051929, end_date=20210119T051930
[2021-01-19 00:19:30,118] {taskinstance.py:1195} INFO - 4 downstream tasks scheduled from follow-on schedule check
[2021-01-19 00:19:30,123] {local_task_job.py:118} INFO - Task exited with return code 0
