[2021-01-19 22:01:07,604] {taskinstance.py:826} INFO - Dependencies all met for <TaskInstance: low_income_hospitals.Stage_Hospital_Info_to_s3 2021-01-20T03:00:41.085303+00:00 [queued]>
[2021-01-19 22:01:07,608] {taskinstance.py:826} INFO - Dependencies all met for <TaskInstance: low_income_hospitals.Stage_Hospital_Info_to_s3 2021-01-20T03:00:41.085303+00:00 [queued]>
[2021-01-19 22:01:07,609] {taskinstance.py:1017} INFO - 
--------------------------------------------------------------------------------
[2021-01-19 22:01:07,609] {taskinstance.py:1018} INFO - Starting attempt 1 of 1
[2021-01-19 22:01:07,609] {taskinstance.py:1019} INFO - 
--------------------------------------------------------------------------------
[2021-01-19 22:01:07,614] {taskinstance.py:1038} INFO - Executing <Task(PythonOperator): Stage_Hospital_Info_to_s3> on 2021-01-20T03:00:41.085303+00:00
[2021-01-19 22:01:07,616] {standard_task_runner.py:51} INFO - Started process 6057 to run task
[2021-01-19 22:01:07,622] {standard_task_runner.py:75} INFO - Running: ['airflow', 'tasks', 'run', 'low_income_hospitals', 'Stage_Hospital_Info_to_s3', '2021-01-20T03:00:41.085303+00:00', '--job-id', '17', '--pool', 'default_pool', '--raw', '--subdir', 'DAGS_FOLDER/low_income_hospitals.py', '--cfg-path', '/var/folders/yg/z5092h4j73z95n7zhxq2kwx1szwm14/T/tmpeohk7gsf']
[2021-01-19 22:01:07,624] {standard_task_runner.py:76} INFO - Job 17: Subtask Stage_Hospital_Info_to_s3
[2021-01-19 22:01:07,649] {logging_mixin.py:103} INFO - Running <TaskInstance: low_income_hospitals.Stage_Hospital_Info_to_s3 2021-01-20T03:00:41.085303+00:00 [running]> on host shs-l5332.ssp.pri
[2021-01-19 22:01:07,669] {taskinstance.py:1232} INFO - Exporting the following env vars:
AIRFLOW_CTX_DAG_EMAIL=zawnaingwynn@gmail.com
AIRFLOW_CTX_DAG_OWNER=Harry
AIRFLOW_CTX_DAG_ID=low_income_hospitals
AIRFLOW_CTX_TASK_ID=Stage_Hospital_Info_to_s3
AIRFLOW_CTX_EXECUTION_DATE=2021-01-20T03:00:41.085303+00:00
AIRFLOW_CTX_DAG_RUN_ID=manual__2021-01-20T03:00:41.085303+00:00
[2021-01-19 22:01:07,670] {base_aws.py:362} INFO - Airflow Connection: aws_conn_id=aws_credentials
[2021-01-19 22:01:07,674] {base_aws.py:160} INFO - Credentials retrieved from login
[2021-01-19 22:01:07,675] {base_aws.py:81} INFO - Creating session with aws_access_key_id=AKIAWZAE47KQ6CE735YP region_name=None
[2021-01-19 22:01:07,684] {base_aws.py:151} INFO - role_arn is None
[2021-01-19 22:01:09,320] {low_income_hospitals.py:87} INFO - The key hospital_general_info.csv already exists.
[2021-01-19 22:01:09,323] {python.py:118} INFO - Done. Returned value was: None
[2021-01-19 22:01:09,326] {taskinstance.py:1142} INFO - Marking task as SUCCESS. dag_id=low_income_hospitals, task_id=Stage_Hospital_Info_to_s3, execution_date=20210120T030041, start_date=20210120T030107, end_date=20210120T030109
[2021-01-19 22:01:09,339] {taskinstance.py:1195} INFO - 0 downstream tasks scheduled from follow-on schedule check
[2021-01-19 22:01:09,383] {local_task_job.py:118} INFO - Task exited with return code 0
