[2021-01-22 10:59:53,982] {taskinstance.py:826} INFO - Dependencies all met for <TaskInstance: low_income_hospitals.Download_Average_Income_per_Zipcode_Dataset 2021-01-22T15:59:43.091427+00:00 [queued]>
[2021-01-22 10:59:53,988] {taskinstance.py:826} INFO - Dependencies all met for <TaskInstance: low_income_hospitals.Download_Average_Income_per_Zipcode_Dataset 2021-01-22T15:59:43.091427+00:00 [queued]>
[2021-01-22 10:59:53,988] {taskinstance.py:1017} INFO - 
--------------------------------------------------------------------------------
[2021-01-22 10:59:53,988] {taskinstance.py:1018} INFO - Starting attempt 1 of 1
[2021-01-22 10:59:53,988] {taskinstance.py:1019} INFO - 
--------------------------------------------------------------------------------
[2021-01-22 10:59:53,994] {taskinstance.py:1038} INFO - Executing <Task(DownloadFromKaggleOperator): Download_Average_Income_per_Zipcode_Dataset> on 2021-01-22T15:59:43.091427+00:00
[2021-01-22 10:59:53,997] {standard_task_runner.py:51} INFO - Started process 50984 to run task
[2021-01-22 10:59:54,005] {standard_task_runner.py:75} INFO - Running: ['airflow', 'tasks', 'run', 'low_income_hospitals', 'Download_Average_Income_per_Zipcode_Dataset', '2021-01-22T15:59:43.091427+00:00', '--job-id', '84', '--pool', 'default_pool', '--raw', '--subdir', 'DAGS_FOLDER/low_income_hospitals.py', '--cfg-path', '/var/folders/yg/z5092h4j73z95n7zhxq2kwx1szwm14/T/tmp6ozd1k4v']
[2021-01-22 10:59:54,007] {standard_task_runner.py:76} INFO - Job 84: Subtask Download_Average_Income_per_Zipcode_Dataset
[2021-01-22 10:59:54,038] {logging_mixin.py:103} INFO - Running <TaskInstance: low_income_hospitals.Download_Average_Income_per_Zipcode_Dataset 2021-01-22T15:59:43.091427+00:00 [running]> on host shs-l5320.ssp.pri
[2021-01-22 10:59:54,065] {taskinstance.py:1232} INFO - Exporting the following env vars:
AIRFLOW_CTX_DAG_EMAIL=zawnaingwynn@gmail.com
AIRFLOW_CTX_DAG_OWNER=Harry
AIRFLOW_CTX_DAG_ID=low_income_hospitals
AIRFLOW_CTX_TASK_ID=Download_Average_Income_per_Zipcode_Dataset
AIRFLOW_CTX_EXECUTION_DATE=2021-01-22T15:59:43.091427+00:00
AIRFLOW_CTX_DAG_RUN_ID=manual__2021-01-22T15:59:43.091427+00:00
[2021-01-22 10:59:55,549] {taskinstance.py:1142} INFO - Marking task as SUCCESS. dag_id=low_income_hospitals, task_id=Download_Average_Income_per_Zipcode_Dataset, execution_date=20210122T155943, start_date=20210122T155953, end_date=20210122T155955
[2021-01-22 10:59:55,561] {taskinstance.py:1195} INFO - 1 downstream tasks scheduled from follow-on schedule check
[2021-01-22 10:59:55,584] {local_task_job.py:118} INFO - Task exited with return code 0
